error_data:  files_individual/files_2_4_6_8/acc_1_8_25.txt
error_data:  files_individual/files_2_4_6_8/acc_1_8_5.txt
error_data:  files_individual/files_0_1/acc_1_1_107.txt
error_data:  files_individual/files_0_1/acc_1_1_109.txt
error_data:  files_individual/files_0_1/acc_1_1_110.txt
error_data:  files_individual/files_0_1/acc_1_1_102.txt
error_data:  files_individual/files_0_1/acc_1_1_105.txt
error_data:  files_individual/files_0_1/acc_1_1_101.txt
error_data:  files_individual/files_0_1/acc_1_1_106.txt
error_data:  files_individual/files_0_1/acc_1_1_108.txt
error_data:  files_individual/files_0_1/acc_1_1_103.txt
error_data:  files_individual/files_0_1/acc_1_1_104.txt
error_data:  files_individual/files_3_5_7_9/acc_1_3_5.txt
                                       relative_path  classID
0  [files_individual/files_2_4_6_8/acc_1_2_77.txt...        2
1  [files_individual/files_2_4_6_8/acc_1_8_52.txt...        8
2  [files_individual/files_2_4_6_8/acc_1_8_67.txt...        8
3  [files_individual/files_2_4_6_8/acc_1_2_332.tx...        2
4  [files_individual/files_2_4_6_8/acc_1_4_183.tx...        4
cuda:0
[1,     1] loss: 0.228
[1,    51] loss: 11.930
[1,   101] loss: 9.022
[1,   151] loss: 8.361
[1,   201] loss: 7.315
[1,   251] loss: 7.471
Epoch: 0, Loss: 1.73093, Accuracy: 0.43
Accuracy: 0.50, Total items: 568
[2,     1] loss: 0.161
[2,    51] loss: 6.629
[2,   101] loss: 6.869
[2,   151] loss: 6.170
[2,   201] loss: 7.118
[2,   251] loss: 6.836
Epoch: 1, Loss: 1.35209, Accuracy: 0.52
Accuracy: 0.53, Total items: 568
[3,     1] loss: 0.127
[3,    51] loss: 6.099
[3,   101] loss: 6.420
[3,   151] loss: 6.344
[3,   201] loss: 7.338
[3,   251] loss: 6.491
Epoch: 2, Loss: 1.31570, Accuracy: 0.55
Accuracy: 0.50, Total items: 568
[4,     1] loss: 0.118
[4,    51] loss: 6.189
[4,   101] loss: 6.616
[4,   151] loss: 6.930
[4,   201] loss: 6.402
[4,   251] loss: 7.624
Epoch: 3, Loss: 1.36707, Accuracy: 0.53
Accuracy: 0.46, Total items: 568
[5,     1] loss: 0.102
[5,    51] loss: 6.796
[5,   101] loss: 6.840
[5,   151] loss: 7.266
[5,   201] loss: 7.280
[5,   251] loss: 6.864
Epoch: 4, Loss: 1.42303, Accuracy: 0.50
Accuracy: 0.40, Total items: 568
[6,     1] loss: 0.163
[6,    51] loss: 6.660
[6,   101] loss: 7.359
[6,   151] loss: 7.473
[6,   201] loss: 7.677
[6,   251] loss: 8.013
Epoch: 5, Loss: 1.48292, Accuracy: 0.49
Accuracy: 0.45, Total items: 568
[7,     1] loss: 0.129
[7,    51] loss: 7.307
[7,   101] loss: 7.659
[7,   151] loss: 7.900
[7,   201] loss: 7.591
[7,   251] loss: 6.858
Epoch: 6, Loss: 1.49547, Accuracy: 0.47
Accuracy: 0.51, Total items: 568
[8,     1] loss: 0.107
