error_data:  files_individual/files_2_4_6_8/acc_1_8_5.txt
error_data:  files_individual/files_2_4_6_8/acc_1_8_157.txt
error_data:  files_individual/files_3_5_7_9/acc_1_3_5.txt
error_data:  files_individual/files_3_5_7_9/acc_1_9_189.txt
                                       relative_path  classID
0  [files_individual/files_2_4_6_8/acc_1_2_77.txt...        2
1  [files_individual/files_2_4_6_8/acc_1_8_52.txt...        8
2  [files_individual/files_2_4_6_8/acc_1_8_67.txt...        8
3  [files_individual/files_2_4_6_8/acc_1_2_332.tx...        2
4  [files_individual/files_2_4_6_8/acc_1_4_183.tx...        4
cuda:0
[1,     1] loss: 0.230
[1,    11] loss: 2.304
[1,    21] loss: 2.278
[1,    31] loss: 2.253
[1,    41] loss: 2.238
[1,    51] loss: 2.253
[1,    61] loss: 2.065
[1,    71] loss: 2.148
[1,    81] loss: 2.074
[1,    91] loss: 2.133
[1,   101] loss: 2.374
[1,   111] loss: 2.162
[1,   121] loss: 2.180
[1,   131] loss: 2.026
[1,   141] loss: 2.056
[1,   151] loss: 2.097
[1,   161] loss: 1.985
[1,   171] loss: 2.017
[1,   181] loss: 2.030
[1,   191] loss: 1.964
[1,   201] loss: 1.891
[1,   211] loss: 2.226
[1,   221] loss: 1.933
[1,   231] loss: 2.089
[1,   241] loss: 1.983
[1,   251] loss: 2.142
[1,   261] loss: 2.033
[1,   271] loss: 1.991
[1,   281] loss: 2.083
Epoch: 0, Loss: 0.05641, Accuracy: 0.23
Accuracy: 0.17, Total items: 576
Finished Training
Accuracy: 0.17, Total items: 576
[[32.  0. 28.  0.  0.  0. 44.  0.  0.  0.]
 [20.  0. 39.  0.  0.  0. 39.  0.  0.  0.]
 [14.  0. 49.  0.  0.  0. 35.  0.  0.  0.]
 [11.  0.  8.  0.  0.  0. 18.  0.  0.  0.]
 [10.  0. 17.  0.  0.  0. 26.  0.  0.  0.]
 [ 6.  0. 15.  0.  0.  0. 17.  0.  0.  0.]
 [ 4.  0. 10.  0.  0.  0. 18.  0.  0.  0.]
 [ 7.  0. 14.  0.  0.  0. 19.  0.  0.  0.]
 [ 4.  0. 11.  0.  0.  0. 23.  0.  0.  0.]
 [ 2.  0. 14.  0.  0.  0. 22.  0.  0.  0.]]
