[1,     1] loss: 0.231
[1,    11] loss: 2.266
[1,    21] loss: 2.202
[1,    31] loss: 2.123
[1,    41] loss: 2.021
[1,    51] loss: 1.915
[1,    61] loss: 1.801
[1,    71] loss: 1.758
[1,    81] loss: 1.706
[1,    91] loss: 1.536
[1,   101] loss: 1.573
[1,   111] loss: 1.516
[1,   121] loss: 1.549
[1,   131] loss: 1.366
[1,   141] loss: 1.475
[1,   151] loss: 1.527
[1,   161] loss: 1.562
[1,   171] loss: 1.545
[1,   181] loss: 1.328
[1,   191] loss: 1.484
[1,   201] loss: 1.299
Epoch: 0, Loss: 0.04536, Accuracy: 0.37
Accuracy: 0.47, Total items: 415
[2,     1] loss: 0.131
[2,    11] loss: 1.451
[2,    21] loss: 1.713
[2,    31] loss: 1.699
[2,    41] loss: 1.542
[2,    51] loss: 1.739
[2,    61] loss: 1.601
[2,    71] loss: 1.605
[2,    81] loss: 1.531
[2,    91] loss: 1.591
[2,   101] loss: 1.471
[2,   111] loss: 1.476
[2,   121] loss: 1.401
[2,   131] loss: 1.347
[2,   141] loss: 1.533
[2,   151] loss: 1.614
[2,   161] loss: 1.454
[2,   171] loss: 1.483
[2,   181] loss: 1.470
[2,   191] loss: 1.441
[2,   201] loss: 1.551
Epoch: 1, Loss: 0.04832, Accuracy: 0.37
Accuracy: 0.31, Total items: 415
[3,     1] loss: 0.136
[3,    11] loss: 1.449
[3,    21] loss: 1.600
[3,    31] loss: 1.481
[3,    41] loss: 1.414
[3,    51] loss: 1.143
[3,    61] loss: 1.551
[3,    71] loss: 1.443
[3,    81] loss: 1.476
[3,    91] loss: 1.555
[3,   101] loss: 1.257
[3,   111] loss: 1.518
[3,   121] loss: 1.629
[3,   131] loss: 1.410
[3,   141] loss: 1.279
[3,   151] loss: 1.594
[3,   161] loss: 1.422
[3,   171] loss: 1.600
[3,   181] loss: 1.390
[3,   191] loss: 1.372
[3,   201] loss: 1.436
Epoch: 2, Loss: 0.04872, Accuracy: 0.43
Accuracy: 0.45, Total items: 415
[4,     1] loss: 0.173
[4,    11] loss: 1.374
[4,    21] loss: 1.341
[4,    31] loss: 1.305
[4,    41] loss: 1.433
[4,    51] loss: 1.148
[4,    61] loss: 1.270
[4,    71] loss: 1.187
[4,    81] loss: 1.274
[4,    91] loss: 1.470
[4,   101] loss: 1.320
[4,   111] loss: 1.300
[4,   121] loss: 1.213
[4,   131] loss: 1.305
[4,   141] loss: 1.336
[4,   151] loss: 1.294
[4,   161] loss: 1.422
[4,   171] loss: 1.153
[4,   181] loss: 1.259
[4,   191] loss: 1.370
[4,   201] loss: 1.244
Epoch: 3, Loss: 0.05389, Accuracy: 0.48
Accuracy: 0.48, Total items: 415
[5,     1] loss: 0.101
[5,    11] loss: 1.331
[5,    21] loss: 1.259
[5,    31] loss: 1.352
[5,    41] loss: 1.230
[5,    51] loss: 1.221
[5,    61] loss: 1.261
[5,    71] loss: 1.403
[5,    81] loss: 1.250
[5,    91] loss: 1.221
[5,   101] loss: 1.102
[5,   111] loss: 1.307
[5,   121] loss: 1.256
[5,   131] loss: 1.216
[5,   141] loss: 1.152
[5,   151] loss: 0.892
[5,   161] loss: 1.084
[5,   171] loss: 1.604
[5,   181] loss: 1.254
[5,   191] loss: 1.184
[5,   201] loss: 1.138
Epoch: 4, Loss: 0.04447, Accuracy: 0.50
Accuracy: 0.51, Total items: 415
[6,     1] loss: 0.099
[6,    11] loss: 1.181
[6,    21] loss: 1.134
[6,    31] loss: 1.302
[6,    41] loss: 1.174
[6,    51] loss: 1.251
[6,    61] loss: 1.150
[6,    71] loss: 1.261
[6,    81] loss: 1.094
[6,    91] loss: 1.148
[6,   101] loss: 1.193
[6,   111] loss: 1.130
[6,   121] loss: 1.108
[6,   131] loss: 0.923
[6,   141] loss: 1.273
[6,   151] loss: 1.089
[6,   161] loss: 1.176
[6,   171] loss: 1.203
[6,   181] loss: 1.142
[6,   191] loss: 1.261
[6,   201] loss: 1.127
Epoch: 5, Loss: 0.02888, Accuracy: 0.54
Accuracy: 0.50, Total items: 415
[7,     1] loss: 0.083
[7,    11] loss: 1.034
[7,    21] loss: 1.073
[7,    31] loss: 0.946
[7,    41] loss: 1.040
[7,    51] loss: 1.074
[7,    61] loss: 0.985
[7,    71] loss: 1.070
[7,    81] loss: 1.002
[7,    91] loss: 1.086
[7,   101] loss: 1.141
[7,   111] loss: 1.119
[7,   121] loss: 1.154
[7,   131] loss: 1.124
[7,   141] loss: 0.964
[7,   151] loss: 1.204
[7,   161] loss: 1.096
[7,   171] loss: 0.984
[7,   181] loss: 1.045
[7,   191] loss: 1.058
[7,   201] loss: 1.123
Epoch: 6, Loss: 0.04430, Accuracy: 0.58
Accuracy: 0.53, Total items: 415
[8,     1] loss: 0.074
[8,    11] loss: 0.956
[8,    21] loss: 0.957
[8,    31] loss: 1.154
[8,    41] loss: 1.200
[8,    51] loss: 1.103
[8,    61] loss: 0.827
[8,    71] loss: 0.997
[8,    81] loss: 1.038
[8,    91] loss: 0.958
[8,   101] loss: 1.007
[8,   111] loss: 0.871
[8,   121] loss: 1.002
[8,   131] loss: 1.011
[8,   141] loss: 0.933
[8,   151] loss: 1.064
[8,   161] loss: 0.912
[8,   171] loss: 1.060
[8,   181] loss: 1.153
[8,   191] loss: 0.962
[8,   201] loss: 1.017
Epoch: 7, Loss: 0.03348, Accuracy: 0.60
Accuracy: 0.57, Total items: 415
[9,     1] loss: 0.080
[9,    11] loss: 0.952
[9,    21] loss: 0.882
[9,    31] loss: 0.911
[9,    41] loss: 0.922
[9,    51] loss: 1.120
[9,    61] loss: 0.959
[9,    71] loss: 0.979
[9,    81] loss: 0.910
[9,    91] loss: 0.844
[9,   101] loss: 0.815
[9,   111] loss: 0.885
[9,   121] loss: 0.932
[9,   131] loss: 0.744
[9,   141] loss: 0.676
[9,   151] loss: 0.927
[9,   161] loss: 0.928
[9,   171] loss: 0.821
[9,   181] loss: 0.946
[9,   191] loss: 0.924
[9,   201] loss: 0.962
Epoch: 8, Loss: 0.02543, Accuracy: 0.66
Accuracy: 0.62, Total items: 415
[10,     1] loss: 0.075
[10,    11] loss: 0.934
[10,    21] loss: 0.890
[10,    31] loss: 0.864
[10,    41] loss: 0.681
[10,    51] loss: 1.024
[10,    61] loss: 0.790
[10,    71] loss: 0.814
[10,    81] loss: 0.667
[10,    91] loss: 0.884
[10,   101] loss: 1.096
[10,   111] loss: 0.908
[10,   121] loss: 0.752
[10,   131] loss: 0.739
[10,   141] loss: 0.730
[10,   151] loss: 0.775
[10,   161] loss: 0.843
[10,   171] loss: 0.826
[10,   181] loss: 0.766
[10,   191] loss: 0.839
[10,   201] loss: 0.652
Epoch: 9, Loss: 0.03793, Accuracy: 0.67
Accuracy: 0.64, Total items: 415
Finished Training
Accuracy: 0.64, Total items: 415



[1,     1] loss: 0.172
[1,    11] loss: 0.810
[1,    21] loss: 0.804
[1,    31] loss: 0.869
[1,    41] loss: 0.883
[1,    51] loss: 0.665
[1,    61] loss: 0.917
[1,    71] loss: 0.878
[1,    81] loss: 0.833
[1,    91] loss: 0.787
[1,   101] loss: 0.779
[1,   111] loss: 0.872
[1,   121] loss: 0.929
[1,   131] loss: 0.886
[1,   141] loss: 0.825
[1,   151] loss: 0.742
[1,   161] loss: 0.911
[1,   171] loss: 0.978
[1,   181] loss: 0.815
[1,   191] loss: 0.925
[1,   201] loss: 0.822
Epoch: 0, Loss: 0.02483, Accuracy: 0.66
Accuracy: 0.66, Total items: 415
[2,     1] loss: 0.056
[2,    11] loss: 0.859
[2,    21] loss: 0.866
[2,    31] loss: 0.836
[2,    41] loss: 0.816
[2,    51] loss: 0.857
[2,    61] loss: 1.073
[2,    71] loss: 0.968
[2,    81] loss: 0.769
[2,    91] loss: 0.771
[2,   101] loss: 0.859
[2,   111] loss: 0.869
[2,   121] loss: 0.987
[2,   131] loss: 0.838
[2,   141] loss: 0.974
[2,   151] loss: 0.844
[2,   161] loss: 1.333
[2,   171] loss: 1.055
[2,   181] loss: 1.055
[2,   191] loss: 0.851
[2,   201] loss: 0.970
Epoch: 1, Loss: 0.03007, Accuracy: 0.65
Accuracy: 0.57, Total items: 415
[3,     1] loss: 0.119
[3,    11] loss: 0.841
[3,    21] loss: 1.016
[3,    31] loss: 1.285
[3,    41] loss: 1.045
[3,    51] loss: 0.931
[3,    61] loss: 0.997
[3,    71] loss: 1.021
[3,    81] loss: 0.990
[3,    91] loss: 1.022
[3,   101] loss: 0.964
[3,   111] loss: 0.920
[3,   121] loss: 1.006
[3,   131] loss: 1.059
[3,   141] loss: 1.021
[3,   151] loss: 0.928
[3,   161] loss: 1.004
[3,   171] loss: 0.814
[3,   181] loss: 1.042
[3,   191] loss: 0.963
[3,   201] loss: 0.774
Epoch: 2, Loss: 0.03285, Accuracy: 0.62
Accuracy: 0.64, Total items: 415
[4,     1] loss: 0.088
[4,    11] loss: 0.719
[4,    21] loss: 1.367
[4,    31] loss: 1.139
[4,    41] loss: 1.015
[4,    51] loss: 1.039
[4,    61] loss: 0.948
[4,    71] loss: 1.101
[4,    81] loss: 0.804
[4,    91] loss: 1.092
[4,   101] loss: 1.052
[4,   111] loss: 0.992
[4,   121] loss: 1.118
[4,   131] loss: 0.849
[4,   141] loss: 1.152
[4,   151] loss: 1.139
[4,   161] loss: 0.875
[4,   171] loss: 0.965
[4,   181] loss: 0.914
[4,   191] loss: 1.014
[4,   201] loss: 0.984
Epoch: 3, Loss: 0.02713, Accuracy: 0.63
Accuracy: 0.65, Total items: 415
[5,     1] loss: 0.092
[5,    11] loss: 1.071
[5,    21] loss: 0.745
[5,    31] loss: 0.843
[5,    41] loss: 0.918
[5,    51] loss: 0.828
[5,    61] loss: 1.049
[5,    71] loss: 0.923
[5,    81] loss: 1.026
[5,    91] loss: 1.006
[5,   101] loss: 0.851
[5,   111] loss: 0.971
[5,   121] loss: 0.850
[5,   131] loss: 0.701
[5,   141] loss: 0.795
[5,   151] loss: 0.922
[5,   161] loss: 0.798
[5,   171] loss: 0.766
[5,   181] loss: 0.715
[5,   191] loss: 0.887
[5,   201] loss: 1.105
Epoch: 4, Loss: 0.04152, Accuracy: 0.65
Accuracy: 0.63, Total items: 415
[6,     1] loss: 0.099
[6,    11] loss: 0.826
[6,    21] loss: 0.793
[6,    31] loss: 0.588
[6,    41] loss: 0.770
[6,    51] loss: 1.006
[6,    61] loss: 0.914
[6,    71] loss: 0.810
[6,    81] loss: 0.667
[6,    91] loss: 0.701
[6,   101] loss: 0.983
[6,   111] loss: 0.539
[6,   121] loss: 0.910
[6,   131] loss: 0.881
[6,   141] loss: 1.023
[6,   151] loss: 1.032
[6,   161] loss: 0.679
[6,   171] loss: 0.822
[6,   181] loss: 0.742
[6,   191] loss: 0.812
[6,   201] loss: 0.722
Epoch: 5, Loss: 0.02222, Accuracy: 0.71
Accuracy: 0.65, Total items: 415
[7,     1] loss: 0.059
[7,    11] loss: 0.557
[7,    21] loss: 0.633
[7,    31] loss: 0.586
[7,    41] loss: 0.920
[7,    51] loss: 0.624
[7,    61] loss: 0.641
[7,    71] loss: 0.731
[7,    81] loss: 0.827
[7,    91] loss: 0.615
[7,   101] loss: 0.677
[7,   111] loss: 0.720
[7,   121] loss: 0.633
[7,   131] loss: 0.764
[7,   141] loss: 0.721
[7,   151] loss: 0.714
[7,   161] loss: 0.818
[7,   171] loss: 0.488
[7,   181] loss: 0.592
[7,   191] loss: 0.608
[7,   201] loss: 0.644
Epoch: 6, Loss: 0.02691, Accuracy: 0.75
Accuracy: 0.70, Total items: 415
[8,     1] loss: 0.037
[8,    11] loss: 0.537
[8,    21] loss: 0.541
[8,    31] loss: 0.512
[8,    41] loss: 0.687
[8,    51] loss: 0.612
[8,    61] loss: 0.487
[8,    71] loss: 0.632
[8,    81] loss: 0.659
[8,    91] loss: 0.538
[8,   101] loss: 0.499
[8,   111] loss: 0.522
[8,   121] loss: 0.514
[8,   131] loss: 0.779
[8,   141] loss: 0.666
[8,   151] loss: 0.654
[8,   161] loss: 0.522
[8,   171] loss: 0.520
[8,   181] loss: 0.453
[8,   191] loss: 0.433
[8,   201] loss: 0.588
Epoch: 7, Loss: 0.01610, Accuracy: 0.79
Accuracy: 0.71, Total items: 415
[9,     1] loss: 0.060
[9,    11] loss: 0.397
[9,    21] loss: 0.277
[9,    31] loss: 0.395
[9,    41] loss: 0.478
[9,    51] loss: 0.383
[9,    61] loss: 0.452
[9,    71] loss: 0.381
[9,    81] loss: 0.522
[9,    91] loss: 0.393
[9,   101] loss: 0.527
[9,   111] loss: 0.406
[9,   121] loss: 0.617
[9,   131] loss: 0.324
[9,   141] loss: 0.440
[9,   151] loss: 0.342
[9,   161] loss: 0.372
[9,   171] loss: 0.459
[9,   181] loss: 0.320
[9,   191] loss: 0.252
[9,   201] loss: 0.413
Epoch: 8, Loss: 0.01505, Accuracy: 0.86
Accuracy: 0.71, Total items: 415
[10,     1] loss: 0.051
[10,    11] loss: 0.275
[10,    21] loss: 0.245
[10,    31] loss: 0.414
[10,    41] loss: 0.290
[10,    51] loss: 0.352
[10,    61] loss: 0.381
[10,    71] loss: 0.231
[10,    81] loss: 0.306
[10,    91] loss: 0.280
[10,   101] loss: 0.178
[10,   111] loss: 0.353
[10,   121] loss: 0.380
[10,   131] loss: 0.385
[10,   141] loss: 0.244
[10,   151] loss: 0.389
[10,   161] loss: 0.251
[10,   171] loss: 0.148
[10,   181] loss: 0.189
[10,   191] loss: 0.316
[10,   201] loss: 0.329
Epoch: 9, Loss: 0.01397, Accuracy: 0.89
Accuracy: 0.70, Total items: 415
Finished Training
Accuracy: 0.70, Total items: 415

